TN:
SF:src/modules/accounts/useCases/CreateAccount/CreateAccountController.ts
FN:5,CreateAccountController
FN:6,Object.<anonymous>.CreateAccountController.handle
FNF:2
FNH:2
FNDA:1,CreateAccountController
FNDA:4,Object.<anonymous>.CreateAccountController.handle
DA:1,1
DA:2,1
DA:3,1
DA:4,1
DA:5,1
DA:6,1
DA:7,4
DA:8,4
DA:9,4
DA:10,4
DA:11,4
DA:12,4
DA:13,4
DA:14,4
DA:15,4
DA:16,4
DA:17,4
DA:18,4
DA:19,1
LF:19
LH:19
BRDA:5,0,0,1
BRDA:5,1,0,1
BRDA:6,2,0,4
BRF:3
BRH:3
end_of_record
TN:
SF:src/modules/accounts/useCases/CreateAccount/CreateAccountUseCase.ts
FN:9,CreateAccountUseCase
FN:14,Object.<anonymous>.CreateAccountUseCase.execute
FNF:2
FNH:2
FNDA:8,CreateAccountUseCase
FNDA:8,Object.<anonymous>.CreateAccountUseCase.execute
DA:1,1
DA:2,1
DA:3,1
DA:4,1
DA:5,1
DA:6,1
DA:7,1
DA:8,2
DA:9,2
DA:10,8
DA:11,8
DA:12,8
DA:13,2
DA:14,2
DA:15,8
DA:16,8
DA:17,8
DA:18,8
DA:19,8
DA:20,6
DA:21,6
DA:22,8
DA:23,8
DA:24,8
DA:25,8
DA:26,8
DA:27,8
DA:28,8
DA:29,8
DA:30,8
DA:31,2
LF:31
LH:31
BRDA:8,0,0,2
BRDA:9,1,0,8
BRDA:14,2,0,8
BRDA:19,3,0,6
BRDA:19,4,0,4
BRDA:19,5,0,6
BRF:6
BRH:6
end_of_record
